{"/Users/jeremyraffin/PhpstormProjects/react-components/src/components/Button/index.jsx": {"path":"/Users/jeremyraffin/PhpstormProjects/react-components/src/components/Button/index.jsx","statementMap":{"0":{"start":{"line":6,"column":15},"end":{"line":18,"column":1}},"1":{"start":{"line":8,"column":23},"end":{"line":8,"column":61}},"2":{"start":{"line":20,"column":0},"end":{"line":23,"column":2}},"3":{"start":{"line":25,"column":0},"end":{"line":28,"column":2}}},"fnMap":{"0":{"name":"(anonymous_0)","decl":{"start":{"line":8,"column":13},"end":{"line":8,"column":14}},"loc":{"start":{"line":8,"column":23},"end":{"line":8,"column":61}}}},"branchMap":{"0":{"loc":{"start":{"line":8,"column":23},"end":{"line":8,"column":61}},"type":"cond-expr","locations":[{"start":{"line":8,"column":41},"end":{"line":8,"column":47}},{"start":{"line":8,"column":50},"end":{"line":8,"column":61}}]}},"s":{"0":1,"1":1,"2":1,"3":1},"f":{"0":1},"b":{"0":[0,1]},"_coverageSchema":"332fd63041d2c1bcb487cc26dd0d5f7d97098a6c","hash":"069c0f0a9638b718c522d2619336135ab26b7b6a"}
,"/Users/jeremyraffin/PhpstormProjects/react-components/src/constants/colors.js": {"path":"/Users/jeremyraffin/PhpstormProjects/react-components/src/constants/colors.js","statementMap":{"0":{"start":{"line":1,"column":26},"end":{"line":1,"column":32}},"1":{"start":{"line":2,"column":20},"end":{"line":2,"column":26}}},"fnMap":{},"branchMap":{},"s":{"0":1,"1":1},"f":{},"b":{},"_coverageSchema":"332fd63041d2c1bcb487cc26dd0d5f7d97098a6c","hash":"fa96a19537315a9d9c38a5597f70bd4dd93e4dfb"}
}
