{"/Users/jeremyraffin/PhpstormProjects/react-components/src/components/Button/index.jsx": {"path":"/Users/jeremyraffin/PhpstormProjects/react-components/src/components/Button/index.jsx","statementMap":{"0":{"start":{"line":6,"column":15},"end":{"line":18,"column":1}},"1":{"start":{"line":8,"column":23},"end":{"line":8,"column":61}},"2":{"start":{"line":12,"column":22},"end":{"line":12,"column":39}},"3":{"start":{"line":15,"column":33},"end":{"line":15,"column":55}},"4":{"start":{"line":16,"column":23},"end":{"line":16,"column":41}},"5":{"start":{"line":20,"column":0},"end":{"line":24,"column":2}},"6":{"start":{"line":26,"column":0},"end":{"line":29,"column":2}}},"fnMap":{"0":{"name":"(anonymous_0)","decl":{"start":{"line":8,"column":13},"end":{"line":8,"column":14}},"loc":{"start":{"line":8,"column":23},"end":{"line":8,"column":61}},"line":8},"1":{"name":"(anonymous_1)","decl":{"start":{"line":12,"column":13},"end":{"line":12,"column":14}},"loc":{"start":{"line":12,"column":22},"end":{"line":12,"column":39}},"line":12},"2":{"name":"(anonymous_2)","decl":{"start":{"line":15,"column":24},"end":{"line":15,"column":25}},"loc":{"start":{"line":15,"column":33},"end":{"line":15,"column":55}},"line":15},"3":{"name":"(anonymous_3)","decl":{"start":{"line":16,"column":14},"end":{"line":16,"column":15}},"loc":{"start":{"line":16,"column":23},"end":{"line":16,"column":41}},"line":16}},"branchMap":{"0":{"loc":{"start":{"line":8,"column":23},"end":{"line":8,"column":61}},"type":"cond-expr","locations":[{"start":{"line":8,"column":41},"end":{"line":8,"column":47}},{"start":{"line":8,"column":50},"end":{"line":8,"column":61}}],"line":8}},"s":{"0":1,"1":4,"2":4,"3":4,"4":4,"5":1,"6":1},"f":{"0":4,"1":4,"2":4,"3":4},"b":{"0":[1,3]},"_coverageSchema":"332fd63041d2c1bcb487cc26dd0d5f7d97098a6c","hash":"34170aa5d66e8ca7359415a4c8099e8a9a722fdb"}
,"/Users/jeremyraffin/PhpstormProjects/react-components/src/constants/colors.js": {"path":"/Users/jeremyraffin/PhpstormProjects/react-components/src/constants/colors.js","statementMap":{"0":{"start":{"line":1,"column":25},"end":{"line":1,"column":31}},"1":{"start":{"line":2,"column":20},"end":{"line":2,"column":26}}},"fnMap":{},"branchMap":{},"s":{"0":1,"1":1},"f":{},"b":{},"_coverageSchema":"332fd63041d2c1bcb487cc26dd0d5f7d97098a6c","hash":"de5ec6704c33bcf848b7ab32f56e5bb7664a1c25"}
,"/Users/jeremyraffin/PhpstormProjects/react-components/src/constants/theme.js": {"path":"/Users/jeremyraffin/PhpstormProjects/react-components/src/constants/theme.js","statementMap":{"0":{"start":{"line":3,"column":14},"end":{"line":11,"column":1}}},"fnMap":{},"branchMap":{},"s":{"0":1},"f":{},"b":{},"_coverageSchema":"332fd63041d2c1bcb487cc26dd0d5f7d97098a6c","hash":"1ab04998ec56387933b98167e4242798938fcd1f"}
}
