TN:
SF:/Users/jeremyraffin/PhpstormProjects/react-components/src/components/Button/index.jsx
FN:8,(anonymous_0)
FN:12,(anonymous_1)
FN:15,(anonymous_2)
FN:16,(anonymous_3)
FNF:4
FNH:4
FNDA:4,(anonymous_0)
FNDA:4,(anonymous_1)
FNDA:4,(anonymous_2)
FNDA:4,(anonymous_3)
DA:6,1
DA:8,4
DA:12,4
DA:15,4
DA:16,4
DA:20,1
DA:26,1
LF:7
LH:7
BRDA:8,0,0,1
BRDA:8,0,1,3
BRF:2
BRH:2
end_of_record
TN:
SF:/Users/jeremyraffin/PhpstormProjects/react-components/src/constants/colors.js
FNF:0
FNH:0
DA:1,1
DA:2,1
LF:2
LH:2
BRF:0
BRH:0
end_of_record
TN:
SF:/Users/jeremyraffin/PhpstormProjects/react-components/src/constants/theme.js
FNF:0
FNH:0
DA:3,1
LF:1
LH:1
BRF:0
BRH:0
end_of_record
